0 info it worked if it ends with ok
1 verbose cli [ '/usr/local/bin/node', '/usr/local/bin/npm', 'run', 'lint' ]
2 info using npm@3.10.3
3 info using node@v6.3.1
4 verbose run-script [ 'prelint', 'lint', 'postlint' ]
5 info lifecycle chat-assist-demo@0.0.0~prelint: chat-assist-demo@0.0.0
6 silly lifecycle chat-assist-demo@0.0.0~prelint: no script for prelint, continuing
7 info lifecycle chat-assist-demo@0.0.0~lint: chat-assist-demo@0.0.0
8 verbose lifecycle chat-assist-demo@0.0.0~lint: unsafe-perm in lifecycle true
9 verbose lifecycle chat-assist-demo@0.0.0~lint: PATH: /usr/local/lib/node_modules/npm/bin/node-gyp-bin:/Users/leelichtsinn/Development/code/chat-assist-demo/node_modules/.bin:/usr/local/bin:/usr/local/heroku/bin:/Users/leelichtsinn/.rvm/gems/ruby-2.2.3/bin:/Users/leelichtsinn/.rvm/gems/ruby-2.2.3@global/bin:/Users/leelichtsinn/.rvm/rubies/ruby-2.2.3/bin:/Applications/Postgres.app/Contents/Versions/latest/bin:/usr/local:/usr/local/bin:/usr/local/sbin:/usr/bin:/usr/local/bin:/usr/bin:/bin:/usr/sbin:/sbin:/Users/leelichtsinn/.rvm/bin
10 verbose lifecycle chat-assist-demo@0.0.0~lint: CWD: /Users/leelichtsinn/Development/code/chat-assist-demo
11 silly lifecycle chat-assist-demo@0.0.0~lint: Args: [ '-c', 'eslint .' ]
12 silly lifecycle chat-assist-demo@0.0.0~lint: Returned: code: 1  signal: null
13 info lifecycle chat-assist-demo@0.0.0~lint: Failed to exec lint script
14 verbose stack Error: chat-assist-demo@0.0.0 lint: `eslint .`
14 verbose stack Exit status 1
14 verbose stack     at EventEmitter.<anonymous> (/usr/local/lib/node_modules/npm/lib/utils/lifecycle.js:242:16)
14 verbose stack     at emitTwo (events.js:106:13)
14 verbose stack     at EventEmitter.emit (events.js:191:7)
14 verbose stack     at ChildProcess.<anonymous> (/usr/local/lib/node_modules/npm/lib/utils/spawn.js:40:14)
14 verbose stack     at emitTwo (events.js:106:13)
14 verbose stack     at ChildProcess.emit (events.js:191:7)
14 verbose stack     at maybeClose (internal/child_process.js:852:16)
14 verbose stack     at Process.ChildProcess._handle.onexit (internal/child_process.js:215:5)
15 verbose pkgid chat-assist-demo@0.0.0
16 verbose cwd /Users/leelichtsinn/Development/code/chat-assist-demo
17 error Darwin 16.3.0
18 error argv "/usr/local/bin/node" "/usr/local/bin/npm" "run" "lint"
19 error node v6.3.1
20 error npm  v3.10.3
21 error code ELIFECYCLE
22 error chat-assist-demo@0.0.0 lint: `eslint .`
22 error Exit status 1
23 error Failed at the chat-assist-demo@0.0.0 lint script 'eslint .'.
23 error Make sure you have the latest version of node.js and npm installed.
23 error If you do, this is most likely a problem with the chat-assist-demo package,
23 error not with npm itself.
23 error Tell the author that this fails on your system:
23 error     eslint .
23 error You can get information on how to open an issue for this project with:
23 error     npm bugs chat-assist-demo
23 error Or if that isn't available, you can get their info via:
23 error     npm owner ls chat-assist-demo
23 error There is likely additional logging output above.
24 verbose exit [ 1, true ]
